{"timestamp":"2025-02-22T17:39:58.563Z","level":"INFO","message":"Incoming DELETE request","userId":"676fe292a2016bc86582bdb6","userRole":"admin","url":"/api/admin/users/67ba066c6bf4d7513d94b825/","method":"DELETE","params":{},"query":{},"body":{},"headers":{"user-agent":"Mozilla/5.0 (Windows NT 10.0; Win64; x64) AppleWebKit/537.36 (KHTML, like Gecko) Chrome/133.0.0.0 Safari/537.36","authorization":"[PRESENT]"},"ip":"::1"}
{"timestamp":"2025-02-22T17:39:58.565Z","level":"INFO","message":"Request authenticated","userId":"676fe292a2016bc86582bdb6","userRole":"admin","role":"admin","path":"/users/67ba066c6bf4d7513d94b825/","method":"DELETE"}
{"timestamp":"2025-02-22T17:39:58.566Z","level":"INFO","message":"Attempting to delete user","userId":"67ba066c6bf4d7513d94b825","userRole":"admin"}
{"timestamp":"2025-02-22T17:39:58.566Z","level":"INFO","message":"Admin access granted","userId":"676fe292a2016bc86582bdb6","userRole":"admin","path":"/users/67ba066c6bf4d7513d94b825/","method":"DELETE"}
{"timestamp":"2025-02-22T17:39:58.579Z","level":"INFO","message":"User deleted successfully","userId":"67ba066c6bf4d7513d94b825","userRole":"admin"}
{"timestamp":"2025-02-22T17:39:58.581Z","level":"INFO","message":"DELETE /users/67ba066c6bf4d7513d94b825/ completed","userId":"676fe292a2016bc86582bdb6","userRole":"admin","statusCode":200,"duration":"19ms","responseHeaders":{"x-powered-by":"Express","access-control-allow-origin":"http://localhost:3000","vary":"Origin","access-control-allow-credentials":"true","content-type":"application/json; charset=utf-8","content-length":"39","etag":"W/\"27-27o4zzUjhHNmthTJyia4gBCjpos\""}}
{"timestamp":"2025-02-22T17:40:48.440Z","level":"INFO","message":"Incoming GET request","userId":"676fe292a2016bc86582bdb6","userRole":"admin","url":"/api/admin/users","method":"GET","params":{},"query":{},"body":{},"headers":{"user-agent":"Mozilla/5.0 (Windows NT 10.0; Win64; x64) AppleWebKit/537.36 (KHTML, like Gecko) Chrome/133.0.0.0 Safari/537.36","authorization":"[PRESENT]"},"ip":"::1"}
{"timestamp":"2025-02-22T17:40:48.441Z","level":"INFO","message":"Request authenticated","userId":"676fe292a2016bc86582bdb6","userRole":"admin","role":"admin","path":"/users","method":"GET"}
{"timestamp":"2025-02-22T17:40:48.441Z","level":"INFO","message":"Admin access granted","userId":"676fe292a2016bc86582bdb6","userRole":"admin","path":"/users","method":"GET"}
{"timestamp":"2025-02-22T17:40:48.442Z","level":"INFO","message":"Fetching all users","userId":"676fe292a2016bc86582bdb6","userRole":"admin"}
{"timestamp":"2025-02-22T17:40:48.448Z","level":"INFO","message":"Successfully retrieved 5 users","userId":"676fe292a2016bc86582bdb6","userRole":"admin"}
{"timestamp":"2025-02-22T17:40:48.451Z","level":"INFO","message":"GET /users completed","userId":"676fe292a2016bc86582bdb6","userRole":"admin","statusCode":200,"duration":"11ms","responseHeaders":{"x-powered-by":"Express","access-control-allow-origin":"http://localhost:3000","vary":"Origin","access-control-allow-credentials":"true","content-type":"application/json; charset=utf-8","content-length":"1584","etag":"W/\"630-4wFnbcj/boACFP01ZmrxtO1QpqU\""}}
{"timestamp":"2025-02-22T17:41:21.790Z","level":"INFO","message":"Incoming GET request","userId":"676fe292a2016bc86582bdb6","userRole":"admin","url":"/api/admin/users","method":"GET","params":{},"query":{},"body":{},"headers":{"user-agent":"Mozilla/5.0 (Windows NT 10.0; Win64; x64) AppleWebKit/537.36 (KHTML, like Gecko) Chrome/133.0.0.0 Safari/537.36","authorization":"[PRESENT]"},"ip":"::1"}
{"timestamp":"2025-02-22T17:41:21.791Z","level":"INFO","message":"Request authenticated","userId":"676fe292a2016bc86582bdb6","userRole":"admin","role":"admin","path":"/users","method":"GET"}
{"timestamp":"2025-02-22T17:41:21.792Z","level":"INFO","message":"Admin access granted","userId":"676fe292a2016bc86582bdb6","userRole":"admin","path":"/users","method":"GET"}
{"timestamp":"2025-02-22T17:41:21.792Z","level":"INFO","message":"Fetching all users","userId":"676fe292a2016bc86582bdb6","userRole":"admin"}
{"timestamp":"2025-02-22T17:41:21.795Z","level":"INFO","message":"Successfully retrieved 5 users","userId":"676fe292a2016bc86582bdb6","userRole":"admin"}
{"timestamp":"2025-02-22T17:41:21.798Z","level":"INFO","message":"GET /users completed","userId":"676fe292a2016bc86582bdb6","userRole":"admin","statusCode":304,"duration":"6ms","responseHeaders":{"x-powered-by":"Express","access-control-allow-origin":"http://localhost:3000","vary":"Origin","access-control-allow-credentials":"true","etag":"W/\"630-4wFnbcj/boACFP01ZmrxtO1QpqU\""}}
{"timestamp":"2025-02-22T17:41:21.801Z","level":"INFO","message":"Incoming GET request","userId":"676fe292a2016bc86582bdb6","userRole":"admin","url":"/api/admin/users","method":"GET","params":{},"query":{},"body":{},"headers":{"user-agent":"Mozilla/5.0 (Windows NT 10.0; Win64; x64) AppleWebKit/537.36 (KHTML, like Gecko) Chrome/133.0.0.0 Safari/537.36","authorization":"[PRESENT]"},"ip":"::1"}
{"timestamp":"2025-02-22T17:41:21.803Z","level":"INFO","message":"Admin access granted","userId":"676fe292a2016bc86582bdb6","userRole":"admin","path":"/users","method":"GET"}
{"timestamp":"2025-02-22T17:41:21.803Z","level":"INFO","message":"Fetching all users","userId":"676fe292a2016bc86582bdb6","userRole":"admin"}
{"timestamp":"2025-02-22T17:41:21.802Z","level":"INFO","message":"Request authenticated","userId":"676fe292a2016bc86582bdb6","userRole":"admin","role":"admin","path":"/users","method":"GET"}
{"timestamp":"2025-02-22T17:41:21.806Z","level":"INFO","message":"Successfully retrieved 5 users","userId":"676fe292a2016bc86582bdb6","userRole":"admin"}
{"timestamp":"2025-02-22T17:41:21.807Z","level":"INFO","message":"GET /users completed","userId":"676fe292a2016bc86582bdb6","userRole":"admin","statusCode":304,"duration":"6ms","responseHeaders":{"x-powered-by":"Express","access-control-allow-origin":"http://localhost:3000","vary":"Origin","access-control-allow-credentials":"true","etag":"W/\"630-4wFnbcj/boACFP01ZmrxtO1QpqU\""}}
