{"timestamp":"2025-02-24T20:03:55.661Z","level":"ERROR","message":"Token authentication failed","errorMessage":{"name":"JsonWebTokenError","message":"jwt malformed"}}
{"timestamp":"2025-02-24T20:03:55.665Z","level":"ERROR","message":"Token authentication failed","errorMessage":{"name":"JsonWebTokenError","message":"jwt malformed"}}
{"timestamp":"2025-02-24T20:03:55.671Z","level":"ERROR","message":"Token authentication failed","errorMessage":{"name":"JsonWebTokenError","message":"jwt malformed"}}
{"timestamp":"2025-02-24T20:03:55.676Z","level":"ERROR","message":"Token authentication failed","errorMessage":{"name":"JsonWebTokenError","message":"jwt malformed"}}
{"timestamp":"2025-02-24T20:05:07.668Z","level":"INFO","message":"Request authenticated","userId":"676fe292a2016bc86582bdb6","role":"admin","path":"/contactStats","method":"GET"}
{"timestamp":"2025-02-24T20:05:07.668Z","level":"INFO","message":"Fetching contact statistics"}
{"timestamp":"2025-02-24T20:05:07.678Z","level":"INFO","message":"Contact statistics retrieved successfully","totalContacts":2,"pendingCount":1,"contactedCount":1,"resolvedCount":0}
{"timestamp":"2025-02-24T20:05:07.682Z","level":"INFO","message":"Request authenticated","userId":"676fe292a2016bc86582bdb6","role":"admin","path":"/contactStats","method":"GET"}
{"timestamp":"2025-02-24T20:05:07.683Z","level":"INFO","message":"Fetching contact statistics"}
{"timestamp":"2025-02-24T20:05:07.692Z","level":"INFO","message":"Request authenticated","userId":"676fe292a2016bc86582bdb6","role":"admin","path":"/contacts","method":"GET"}
{"timestamp":"2025-02-24T20:05:07.693Z","level":"INFO","message":"Admin access granted","userId":"676fe292a2016bc86582bdb6","path":"/contacts","method":"GET"}
{"timestamp":"2025-02-24T20:05:07.694Z","level":"INFO","message":"User accessed contact list","action":"VIEW_ALL_CONTACTS","actor":{"userId":"676fe292a2016bc86582bdb6","role":"admin"}}
{"timestamp":"2025-02-24T20:05:07.700Z","level":"INFO","message":"Successfully retrieved 2 contacts"}
{"timestamp":"2025-02-24T20:05:07.703Z","level":"INFO","message":"Contact statistics retrieved successfully","totalContacts":2,"pendingCount":1,"contactedCount":1,"resolvedCount":0}
{"timestamp":"2025-02-24T20:05:07.709Z","level":"INFO","message":"User accessed contact list","action":"VIEW_ALL_CONTACTS","actor":{"userId":"676fe292a2016bc86582bdb6","role":"admin"}}
{"timestamp":"2025-02-24T20:05:07.709Z","level":"INFO","message":"Admin access granted","userId":"676fe292a2016bc86582bdb6","path":"/contacts","method":"GET"}
{"timestamp":"2025-02-24T20:05:07.708Z","level":"INFO","message":"Request authenticated","userId":"676fe292a2016bc86582bdb6","role":"admin","path":"/contacts","method":"GET"}
{"timestamp":"2025-02-24T20:05:07.713Z","level":"INFO","message":"Successfully retrieved 2 contacts"}
{"timestamp":"2025-02-24T20:07:36.646Z","level":"INFO","message":"Request authenticated","userId":"676fe292a2016bc86582bdb6","role":"admin","path":"/contactStats","method":"GET"}
{"timestamp":"2025-02-24T20:07:36.646Z","level":"INFO","message":"Fetching contact statistics"}
{"timestamp":"2025-02-24T20:07:36.654Z","level":"INFO","message":"Contact statistics retrieved successfully","totalContacts":2,"pendingCount":1,"contactedCount":1,"resolvedCount":0}
{"timestamp":"2025-02-24T20:07:36.658Z","level":"INFO","message":"Request authenticated","userId":"676fe292a2016bc86582bdb6","role":"admin","path":"/contactStats","method":"GET"}
{"timestamp":"2025-02-24T20:07:36.659Z","level":"INFO","message":"Fetching contact statistics"}
{"timestamp":"2025-02-24T20:07:36.666Z","level":"INFO","message":"Request authenticated","userId":"676fe292a2016bc86582bdb6","role":"admin","path":"/contacts","method":"GET"}
{"timestamp":"2025-02-24T20:07:36.667Z","level":"INFO","message":"Admin access granted","userId":"676fe292a2016bc86582bdb6","path":"/contacts","method":"GET"}
{"timestamp":"2025-02-24T20:07:36.667Z","level":"INFO","message":"User accessed contact list","action":"VIEW_ALL_CONTACTS","actor":{"userId":"676fe292a2016bc86582bdb6","role":"admin"}}
{"timestamp":"2025-02-24T20:07:36.670Z","level":"INFO","message":"Successfully retrieved 2 contacts"}
{"timestamp":"2025-02-24T20:07:36.672Z","level":"INFO","message":"Contact statistics retrieved successfully","totalContacts":2,"pendingCount":1,"contactedCount":1,"resolvedCount":0}
{"timestamp":"2025-02-24T20:07:36.675Z","level":"INFO","message":"Request authenticated","userId":"676fe292a2016bc86582bdb6","role":"admin","path":"/contacts","method":"GET"}
{"timestamp":"2025-02-24T20:07:36.676Z","level":"INFO","message":"Admin access granted","userId":"676fe292a2016bc86582bdb6","path":"/contacts","method":"GET"}
{"timestamp":"2025-02-24T20:07:36.676Z","level":"INFO","message":"User accessed contact list","action":"VIEW_ALL_CONTACTS","actor":{"userId":"676fe292a2016bc86582bdb6","role":"admin"}}
{"timestamp":"2025-02-24T20:07:36.678Z","level":"INFO","message":"Successfully retrieved 2 contacts"}
{"timestamp":"2025-02-24T20:08:01.250Z","level":"INFO","message":"Request authenticated","userId":"676fe292a2016bc86582bdb6","role":"admin","path":"/67bcd0bed1e91b5a6ee65856","method":"DELETE"}
{"timestamp":"2025-02-24T20:08:01.251Z","level":"INFO","message":"Admin access granted","userId":"676fe292a2016bc86582bdb6","path":"/67bcd0bed1e91b5a6ee65856","method":"DELETE"}
{"timestamp":"2025-02-24T20:08:04.466Z","level":"INFO","message":"Request authenticated","userId":"676fe292a2016bc86582bdb6","role":"admin","path":"/67bcd0c6d1e91b5a6ee65858","method":"DELETE"}
{"timestamp":"2025-02-24T20:08:04.467Z","level":"INFO","message":"Admin access granted","userId":"676fe292a2016bc86582bdb6","path":"/67bcd0c6d1e91b5a6ee65858","method":"DELETE"}
{"timestamp":"2025-02-24T20:11:11.730Z","level":"INFO","message":"Fetching contact statistics"}
{"timestamp":"2025-02-24T20:11:11.729Z","level":"INFO","message":"Request authenticated","userId":"676fe292a2016bc86582bdb6","role":"admin","path":"/contactStats","method":"GET"}
{"timestamp":"2025-02-24T20:11:11.744Z","level":"INFO","message":"Contact statistics retrieved successfully","totalContacts":2,"pendingCount":1,"contactedCount":1,"resolvedCount":0}
{"timestamp":"2025-02-24T20:11:11.752Z","level":"INFO","message":"Request authenticated","userId":"676fe292a2016bc86582bdb6","role":"admin","path":"/contactStats","method":"GET"}
{"timestamp":"2025-02-24T20:11:11.753Z","level":"INFO","message":"Fetching contact statistics"}
{"timestamp":"2025-02-24T20:11:11.770Z","level":"INFO","message":"Request authenticated","userId":"676fe292a2016bc86582bdb6","role":"admin","path":"/contacts","method":"GET"}
{"timestamp":"2025-02-24T20:11:11.772Z","level":"INFO","message":"Admin access granted","userId":"676fe292a2016bc86582bdb6","path":"/contacts","method":"GET"}
{"timestamp":"2025-02-24T20:11:11.773Z","level":"INFO","message":"User accessed contact list","action":"VIEW_ALL_CONTACTS","actor":{"userId":"676fe292a2016bc86582bdb6","role":"admin"}}
{"timestamp":"2025-02-24T20:11:11.775Z","level":"INFO","message":"Contact statistics retrieved successfully","totalContacts":2,"pendingCount":1,"contactedCount":1,"resolvedCount":0}
{"timestamp":"2025-02-24T20:11:11.778Z","level":"INFO","message":"Successfully retrieved 2 contacts"}
{"timestamp":"2025-02-24T20:11:11.784Z","level":"INFO","message":"Request authenticated","userId":"676fe292a2016bc86582bdb6","role":"admin","path":"/contacts","method":"GET"}
{"timestamp":"2025-02-24T20:11:11.785Z","level":"INFO","message":"User accessed contact list","action":"VIEW_ALL_CONTACTS","actor":{"userId":"676fe292a2016bc86582bdb6","role":"admin"}}
{"timestamp":"2025-02-24T20:11:11.784Z","level":"INFO","message":"Admin access granted","userId":"676fe292a2016bc86582bdb6","path":"/contacts","method":"GET"}
{"timestamp":"2025-02-24T20:11:11.791Z","level":"INFO","message":"Successfully retrieved 2 contacts"}
{"timestamp":"2025-02-24T20:11:15.333Z","level":"INFO","message":"Request authenticated","userId":"676fe292a2016bc86582bdb6","role":"admin","path":"/contactStats","method":"GET"}
{"timestamp":"2025-02-24T20:11:15.334Z","level":"INFO","message":"Fetching contact statistics"}
{"timestamp":"2025-02-24T20:11:15.345Z","level":"INFO","message":"Contact statistics retrieved successfully","totalContacts":2,"pendingCount":1,"contactedCount":1,"resolvedCount":0}
{"timestamp":"2025-02-24T20:11:15.349Z","level":"INFO","message":"Request authenticated","userId":"676fe292a2016bc86582bdb6","role":"admin","path":"/contactStats","method":"GET"}
{"timestamp":"2025-02-24T20:11:15.350Z","level":"INFO","message":"Fetching contact statistics"}
{"timestamp":"2025-02-24T20:11:15.353Z","level":"INFO","message":"Admin access granted","userId":"676fe292a2016bc86582bdb6","path":"/contacts","method":"GET"}
{"timestamp":"2025-02-24T20:11:15.353Z","level":"INFO","message":"Request authenticated","userId":"676fe292a2016bc86582bdb6","role":"admin","path":"/contacts","method":"GET"}
{"timestamp":"2025-02-24T20:11:15.354Z","level":"INFO","message":"User accessed contact list","action":"VIEW_ALL_CONTACTS","actor":{"userId":"676fe292a2016bc86582bdb6","role":"admin"}}
{"timestamp":"2025-02-24T20:11:15.360Z","level":"INFO","message":"Successfully retrieved 2 contacts"}
{"timestamp":"2025-02-24T20:11:15.365Z","level":"INFO","message":"Admin access granted","userId":"676fe292a2016bc86582bdb6","path":"/contacts","method":"GET"}
{"timestamp":"2025-02-24T20:11:15.364Z","level":"INFO","message":"Request authenticated","userId":"676fe292a2016bc86582bdb6","role":"admin","path":"/contacts","method":"GET"}
{"timestamp":"2025-02-24T20:11:15.365Z","level":"INFO","message":"User accessed contact list","action":"VIEW_ALL_CONTACTS","actor":{"userId":"676fe292a2016bc86582bdb6","role":"admin"}}
{"timestamp":"2025-02-24T20:11:15.368Z","level":"INFO","message":"Successfully retrieved 2 contacts"}
{"timestamp":"2025-02-24T20:11:15.370Z","level":"INFO","message":"Contact statistics retrieved successfully","totalContacts":2,"pendingCount":1,"contactedCount":1,"resolvedCount":0}
{"timestamp":"2025-02-24T20:16:41.310Z","level":"INFO","message":"Request authenticated","userId":"676fe292a2016bc86582bdb6","role":"admin","path":"/users","method":"GET"}
{"timestamp":"2025-02-24T20:16:41.311Z","level":"INFO","message":"Admin access granted","userId":"676fe292a2016bc86582bdb6","path":"/users","method":"GET"}
{"timestamp":"2025-02-24T20:16:41.318Z","level":"INFO","message":"Request authenticated","userId":"676fe292a2016bc86582bdb6","role":"admin","path":"/users","method":"GET"}
{"timestamp":"2025-02-24T20:16:41.320Z","level":"INFO","message":"Admin access granted","userId":"676fe292a2016bc86582bdb6","path":"/users","method":"GET"}
{"timestamp":"2025-02-24T20:16:42.382Z","level":"INFO","message":"Request authenticated","userId":"676fe292a2016bc86582bdb6","role":"admin","path":"/contactStats","method":"GET"}
{"timestamp":"2025-02-24T20:16:42.384Z","level":"INFO","message":"Fetching contact statistics"}
{"timestamp":"2025-02-24T20:16:42.392Z","level":"INFO","message":"Contact statistics retrieved successfully","totalContacts":2,"pendingCount":1,"contactedCount":1,"resolvedCount":0}
{"timestamp":"2025-02-24T20:16:42.397Z","level":"INFO","message":"Request authenticated","userId":"676fe292a2016bc86582bdb6","role":"admin","path":"/contactStats","method":"GET"}
{"timestamp":"2025-02-24T20:16:42.398Z","level":"INFO","message":"Fetching contact statistics"}
{"timestamp":"2025-02-24T20:16:42.407Z","level":"INFO","message":"Request authenticated","userId":"676fe292a2016bc86582bdb6","role":"admin","path":"/contacts","method":"GET"}
{"timestamp":"2025-02-24T20:16:42.409Z","level":"INFO","message":"User accessed contact list","action":"VIEW_ALL_CONTACTS","actor":{"userId":"676fe292a2016bc86582bdb6","role":"admin"}}
{"timestamp":"2025-02-24T20:16:42.408Z","level":"INFO","message":"Admin access granted","userId":"676fe292a2016bc86582bdb6","path":"/contacts","method":"GET"}
{"timestamp":"2025-02-24T20:16:42.414Z","level":"INFO","message":"Successfully retrieved 2 contacts"}
{"timestamp":"2025-02-24T20:16:42.418Z","level":"INFO","message":"Request authenticated","userId":"676fe292a2016bc86582bdb6","role":"admin","path":"/contacts","method":"GET"}
{"timestamp":"2025-02-24T20:16:42.420Z","level":"INFO","message":"User accessed contact list","action":"VIEW_ALL_CONTACTS","actor":{"userId":"676fe292a2016bc86582bdb6","role":"admin"}}
{"timestamp":"2025-02-24T20:16:42.419Z","level":"INFO","message":"Admin access granted","userId":"676fe292a2016bc86582bdb6","path":"/contacts","method":"GET"}
{"timestamp":"2025-02-24T20:16:42.422Z","level":"INFO","message":"Contact statistics retrieved successfully","totalContacts":2,"pendingCount":1,"contactedCount":1,"resolvedCount":0}
{"timestamp":"2025-02-24T20:16:42.425Z","level":"INFO","message":"Successfully retrieved 2 contacts"}
{"timestamp":"2025-02-24T20:16:47.699Z","level":"INFO","message":"Request authenticated","userId":"676fe292a2016bc86582bdb6","role":"admin","path":"/contactStats","method":"GET"}
{"timestamp":"2025-02-24T20:16:47.700Z","level":"INFO","message":"Fetching contact statistics"}
{"timestamp":"2025-02-24T20:16:47.710Z","level":"INFO","message":"Contact statistics retrieved successfully","totalContacts":2,"pendingCount":1,"contactedCount":1,"resolvedCount":0}
{"timestamp":"2025-02-24T20:16:47.714Z","level":"INFO","message":"Request authenticated","userId":"676fe292a2016bc86582bdb6","role":"admin","path":"/contactStats","method":"GET"}
{"timestamp":"2025-02-24T20:16:47.714Z","level":"INFO","message":"Fetching contact statistics"}
{"timestamp":"2025-02-24T20:16:47.722Z","level":"INFO","message":"Request authenticated","userId":"676fe292a2016bc86582bdb6","role":"admin","path":"/contacts","method":"GET"}
{"timestamp":"2025-02-24T20:16:47.723Z","level":"INFO","message":"User accessed contact list","action":"VIEW_ALL_CONTACTS","actor":{"userId":"676fe292a2016bc86582bdb6","role":"admin"}}
{"timestamp":"2025-02-24T20:16:47.722Z","level":"INFO","message":"Admin access granted","userId":"676fe292a2016bc86582bdb6","path":"/contacts","method":"GET"}
{"timestamp":"2025-02-24T20:16:47.728Z","level":"INFO","message":"Successfully retrieved 2 contacts"}
{"timestamp":"2025-02-24T20:16:47.731Z","level":"INFO","message":"Request authenticated","userId":"676fe292a2016bc86582bdb6","role":"admin","path":"/contacts","method":"GET"}
{"timestamp":"2025-02-24T20:16:47.732Z","level":"INFO","message":"User accessed contact list","action":"VIEW_ALL_CONTACTS","actor":{"userId":"676fe292a2016bc86582bdb6","role":"admin"}}
{"timestamp":"2025-02-24T20:16:47.734Z","level":"INFO","message":"Contact statistics retrieved successfully","totalContacts":2,"pendingCount":1,"contactedCount":1,"resolvedCount":0}
{"timestamp":"2025-02-24T20:16:47.732Z","level":"INFO","message":"Admin access granted","userId":"676fe292a2016bc86582bdb6","path":"/contacts","method":"GET"}
{"timestamp":"2025-02-24T20:16:47.735Z","level":"INFO","message":"Successfully retrieved 2 contacts"}
