{"timestamp":"2025-02-24T19:41:40.180Z","level":"INFO","message":"Request authenticated","userId":"676fe292a2016bc86582bdb6","role":"admin","path":"/contactStats","method":"GET"}
{"timestamp":"2025-02-24T19:41:40.187Z","level":"INFO","message":"Request authenticated","userId":"676fe292a2016bc86582bdb6","role":"admin","path":"/contactStats","method":"GET"}
{"timestamp":"2025-02-24T19:41:40.188Z","level":"INFO","message":"Fetching contact statistics"}
{"timestamp":"2025-02-24T19:41:40.182Z","level":"INFO","message":"Fetching contact statistics"}
{"timestamp":"2025-02-24T19:41:40.202Z","level":"INFO","message":"Contact statistics retrieved successfully","totalContacts":2,"pendingCount":1,"contactedCount":1,"resolvedCount":0}
{"timestamp":"2025-02-24T19:41:40.204Z","level":"INFO","message":"Contact statistics retrieved successfully","totalContacts":2,"pendingCount":1,"contactedCount":1,"resolvedCount":0}
{"timestamp":"2025-02-24T19:41:42.207Z","level":"INFO","message":"Request authenticated","userId":"676fe292a2016bc86582bdb6","role":"admin","path":"/contacts","method":"GET"}
{"timestamp":"2025-02-24T19:41:42.208Z","level":"INFO","message":"Admin access granted","userId":"676fe292a2016bc86582bdb6","path":"/contacts","method":"GET"}
{"timestamp":"2025-02-24T19:41:42.209Z","level":"INFO","message":"User accessed contact list","action":"VIEW_ALL_CONTACTS","actor":{"userId":"676fe292a2016bc86582bdb6","role":"admin"}}
{"timestamp":"2025-02-24T19:41:42.213Z","level":"INFO","message":"Request authenticated","userId":"676fe292a2016bc86582bdb6","role":"admin","path":"/contacts","method":"GET"}
{"timestamp":"2025-02-24T19:41:42.214Z","level":"INFO","message":"User accessed contact list","action":"VIEW_ALL_CONTACTS","actor":{"userId":"676fe292a2016bc86582bdb6","role":"admin"}}
{"timestamp":"2025-02-24T19:41:42.214Z","level":"INFO","message":"Admin access granted","userId":"676fe292a2016bc86582bdb6","path":"/contacts","method":"GET"}
{"timestamp":"2025-02-24T19:41:42.217Z","level":"INFO","message":"Successfully retrieved 2 contacts"}
{"timestamp":"2025-02-24T19:41:42.218Z","level":"INFO","message":"Successfully retrieved 2 contacts"}
{"timestamp":"2025-02-24T19:42:14.961Z","level":"INFO","message":"Request authenticated","userId":"676fe292a2016bc86582bdb6","role":"admin","path":"/contactStats","method":"GET"}
{"timestamp":"2025-02-24T19:42:14.962Z","level":"INFO","message":"Fetching contact statistics"}
{"timestamp":"2025-02-24T19:42:14.966Z","level":"INFO","message":"Request authenticated","userId":"676fe292a2016bc86582bdb6","role":"admin","path":"/contactStats","method":"GET"}
{"timestamp":"2025-02-24T19:42:14.967Z","level":"INFO","message":"Fetching contact statistics"}
{"timestamp":"2025-02-24T19:42:14.980Z","level":"INFO","message":"Contact statistics retrieved successfully","totalContacts":2,"pendingCount":1,"contactedCount":1,"resolvedCount":0}
{"timestamp":"2025-02-24T19:42:14.983Z","level":"INFO","message":"Contact statistics retrieved successfully","totalContacts":2,"pendingCount":1,"contactedCount":1,"resolvedCount":0}
{"timestamp":"2025-02-24T19:42:16.994Z","level":"INFO","message":"Request authenticated","userId":"676fe292a2016bc86582bdb6","role":"admin","path":"/contacts","method":"GET"}
{"timestamp":"2025-02-24T19:42:16.995Z","level":"INFO","message":"Admin access granted","userId":"676fe292a2016bc86582bdb6","path":"/contacts","method":"GET"}
{"timestamp":"2025-02-24T19:42:16.998Z","level":"INFO","message":"Request authenticated","userId":"676fe292a2016bc86582bdb6","role":"admin","path":"/contacts","method":"GET"}
{"timestamp":"2025-02-24T19:42:16.996Z","level":"INFO","message":"User accessed contact list","action":"VIEW_ALL_CONTACTS","actor":{"userId":"676fe292a2016bc86582bdb6","role":"admin"}}
{"timestamp":"2025-02-24T19:42:16.999Z","level":"INFO","message":"Admin access granted","userId":"676fe292a2016bc86582bdb6","path":"/contacts","method":"GET"}
{"timestamp":"2025-02-24T19:42:16.999Z","level":"INFO","message":"User accessed contact list","action":"VIEW_ALL_CONTACTS","actor":{"userId":"676fe292a2016bc86582bdb6","role":"admin"}}
{"timestamp":"2025-02-24T19:42:17.004Z","level":"INFO","message":"Successfully retrieved 2 contacts"}
{"timestamp":"2025-02-24T19:42:17.011Z","level":"INFO","message":"Successfully retrieved 2 contacts"}
{"timestamp":"2025-02-24T19:42:20.795Z","level":"INFO","message":"Request authenticated","userId":"676fe292a2016bc86582bdb6","role":"admin","path":"/contactStats","method":"GET"}
{"timestamp":"2025-02-24T19:42:20.800Z","level":"INFO","message":"Request authenticated","userId":"676fe292a2016bc86582bdb6","role":"admin","path":"/contactStats","method":"GET"}
{"timestamp":"2025-02-24T19:42:20.796Z","level":"INFO","message":"Fetching contact statistics"}
{"timestamp":"2025-02-24T19:42:20.801Z","level":"INFO","message":"Fetching contact statistics"}
{"timestamp":"2025-02-24T19:42:20.814Z","level":"INFO","message":"Contact statistics retrieved successfully","totalContacts":2,"pendingCount":1,"contactedCount":1,"resolvedCount":0}
{"timestamp":"2025-02-24T19:42:20.816Z","level":"INFO","message":"Contact statistics retrieved successfully","totalContacts":2,"pendingCount":1,"contactedCount":1,"resolvedCount":0}
{"timestamp":"2025-02-24T19:42:22.838Z","level":"INFO","message":"Request authenticated","userId":"676fe292a2016bc86582bdb6","role":"admin","path":"/contacts","method":"GET"}
{"timestamp":"2025-02-24T19:42:22.842Z","level":"INFO","message":"Admin access granted","userId":"676fe292a2016bc86582bdb6","path":"/contacts","method":"GET"}
{"timestamp":"2025-02-24T19:42:22.839Z","level":"INFO","message":"Admin access granted","userId":"676fe292a2016bc86582bdb6","path":"/contacts","method":"GET"}
{"timestamp":"2025-02-24T19:42:22.840Z","level":"INFO","message":"User accessed contact list","action":"VIEW_ALL_CONTACTS","actor":{"userId":"676fe292a2016bc86582bdb6","role":"admin"}}
{"timestamp":"2025-02-24T19:42:22.842Z","level":"INFO","message":"Request authenticated","userId":"676fe292a2016bc86582bdb6","role":"admin","path":"/contacts","method":"GET"}
{"timestamp":"2025-02-24T19:42:22.843Z","level":"INFO","message":"User accessed contact list","action":"VIEW_ALL_CONTACTS","actor":{"userId":"676fe292a2016bc86582bdb6","role":"admin"}}
{"timestamp":"2025-02-24T19:42:22.846Z","level":"INFO","message":"Successfully retrieved 2 contacts"}
{"timestamp":"2025-02-24T19:42:22.849Z","level":"INFO","message":"Successfully retrieved 2 contacts"}
{"timestamp":"2025-02-24T19:42:25.534Z","level":"INFO","message":"Request authenticated","userId":"676fe292a2016bc86582bdb6","role":"admin","path":"/contactStats","method":"GET"}
{"timestamp":"2025-02-24T19:42:25.539Z","level":"INFO","message":"Request authenticated","userId":"676fe292a2016bc86582bdb6","role":"admin","path":"/contactStats","method":"GET"}
{"timestamp":"2025-02-24T19:42:25.535Z","level":"INFO","message":"Fetching contact statistics"}
{"timestamp":"2025-02-24T19:42:25.539Z","level":"INFO","message":"Fetching contact statistics"}
{"timestamp":"2025-02-24T19:42:25.552Z","level":"INFO","message":"Contact statistics retrieved successfully","totalContacts":2,"pendingCount":1,"contactedCount":1,"resolvedCount":0}
{"timestamp":"2025-02-24T19:42:25.554Z","level":"INFO","message":"Contact statistics retrieved successfully","totalContacts":2,"pendingCount":1,"contactedCount":1,"resolvedCount":0}
{"timestamp":"2025-02-24T19:42:27.587Z","level":"INFO","message":"Admin access granted","userId":"676fe292a2016bc86582bdb6","path":"/contacts","method":"GET"}
{"timestamp":"2025-02-24T19:42:27.588Z","level":"INFO","message":"User accessed contact list","action":"VIEW_ALL_CONTACTS","actor":{"userId":"676fe292a2016bc86582bdb6","role":"admin"}}
{"timestamp":"2025-02-24T19:42:27.587Z","level":"INFO","message":"Request authenticated","userId":"676fe292a2016bc86582bdb6","role":"admin","path":"/contacts","method":"GET"}
{"timestamp":"2025-02-24T19:42:27.591Z","level":"INFO","message":"Admin access granted","userId":"676fe292a2016bc86582bdb6","path":"/contacts","method":"GET"}
{"timestamp":"2025-02-24T19:42:27.590Z","level":"INFO","message":"Request authenticated","userId":"676fe292a2016bc86582bdb6","role":"admin","path":"/contacts","method":"GET"}
{"timestamp":"2025-02-24T19:42:27.591Z","level":"INFO","message":"User accessed contact list","action":"VIEW_ALL_CONTACTS","actor":{"userId":"676fe292a2016bc86582bdb6","role":"admin"}}
{"timestamp":"2025-02-24T19:42:27.593Z","level":"INFO","message":"Successfully retrieved 2 contacts"}
{"timestamp":"2025-02-24T19:42:27.597Z","level":"INFO","message":"Successfully retrieved 2 contacts"}
{"timestamp":"2025-02-24T19:42:33.861Z","level":"INFO","message":"Request authenticated","userId":"676fe292a2016bc86582bdb6","role":"admin","path":"/users","method":"GET"}
{"timestamp":"2025-02-24T19:42:33.862Z","level":"INFO","message":"Admin access granted","userId":"676fe292a2016bc86582bdb6","path":"/users","method":"GET"}
{"timestamp":"2025-02-24T19:42:33.867Z","level":"INFO","message":"Request authenticated","userId":"676fe292a2016bc86582bdb6","role":"admin","path":"/users","method":"GET"}
{"timestamp":"2025-02-24T19:42:33.868Z","level":"INFO","message":"Admin access granted","userId":"676fe292a2016bc86582bdb6","path":"/users","method":"GET"}
{"timestamp":"2025-02-24T19:42:39.276Z","level":"INFO","message":"Request authenticated","userId":"676fe292a2016bc86582bdb6","role":"admin","path":"/contactStats","method":"GET"}
{"timestamp":"2025-02-24T19:42:39.281Z","level":"INFO","message":"Request authenticated","userId":"676fe292a2016bc86582bdb6","role":"admin","path":"/contactStats","method":"GET"}
{"timestamp":"2025-02-24T19:42:39.277Z","level":"INFO","message":"Fetching contact statistics"}
{"timestamp":"2025-02-24T19:42:39.282Z","level":"INFO","message":"Fetching contact statistics"}
{"timestamp":"2025-02-24T19:42:39.294Z","level":"INFO","message":"Contact statistics retrieved successfully","totalContacts":2,"pendingCount":1,"contactedCount":1,"resolvedCount":0}
{"timestamp":"2025-02-24T19:42:39.295Z","level":"INFO","message":"Contact statistics retrieved successfully","totalContacts":2,"pendingCount":1,"contactedCount":1,"resolvedCount":0}
{"timestamp":"2025-02-24T19:42:41.331Z","level":"INFO","message":"Request authenticated","userId":"676fe292a2016bc86582bdb6","role":"admin","path":"/contacts","method":"GET"}
{"timestamp":"2025-02-24T19:42:41.332Z","level":"INFO","message":"Admin access granted","userId":"676fe292a2016bc86582bdb6","path":"/contacts","method":"GET"}
{"timestamp":"2025-02-24T19:42:41.336Z","level":"INFO","message":"Request authenticated","userId":"676fe292a2016bc86582bdb6","role":"admin","path":"/contacts","method":"GET"}
{"timestamp":"2025-02-24T19:42:41.337Z","level":"INFO","message":"Admin access granted","userId":"676fe292a2016bc86582bdb6","path":"/contacts","method":"GET"}
{"timestamp":"2025-02-24T19:42:41.333Z","level":"INFO","message":"User accessed contact list","action":"VIEW_ALL_CONTACTS","actor":{"userId":"676fe292a2016bc86582bdb6","role":"admin"}}
{"timestamp":"2025-02-24T19:42:41.338Z","level":"INFO","message":"User accessed contact list","action":"VIEW_ALL_CONTACTS","actor":{"userId":"676fe292a2016bc86582bdb6","role":"admin"}}
{"timestamp":"2025-02-24T19:42:41.340Z","level":"INFO","message":"Successfully retrieved 2 contacts"}
{"timestamp":"2025-02-24T19:42:41.341Z","level":"INFO","message":"Successfully retrieved 2 contacts"}
{"timestamp":"2025-02-24T19:42:52.399Z","level":"INFO","message":"Request authenticated","userId":"676fe292a2016bc86582bdb6","role":"admin","path":"/contactStats","method":"GET"}
{"timestamp":"2025-02-24T19:42:52.402Z","level":"INFO","message":"Request authenticated","userId":"676fe292a2016bc86582bdb6","role":"admin","path":"/contactStats","method":"GET"}
{"timestamp":"2025-02-24T19:42:52.399Z","level":"INFO","message":"Fetching contact statistics"}
{"timestamp":"2025-02-24T19:42:52.402Z","level":"INFO","message":"Fetching contact statistics"}
{"timestamp":"2025-02-24T19:42:52.411Z","level":"INFO","message":"Contact statistics retrieved successfully","totalContacts":2,"pendingCount":1,"contactedCount":1,"resolvedCount":0}
{"timestamp":"2025-02-24T19:42:52.413Z","level":"INFO","message":"Contact statistics retrieved successfully","totalContacts":2,"pendingCount":1,"contactedCount":1,"resolvedCount":0}
{"timestamp":"2025-02-24T19:42:54.436Z","level":"INFO","message":"Request authenticated","userId":"676fe292a2016bc86582bdb6","role":"admin","path":"/contacts","method":"GET"}
{"timestamp":"2025-02-24T19:42:54.437Z","level":"INFO","message":"Admin access granted","userId":"676fe292a2016bc86582bdb6","path":"/contacts","method":"GET"}
{"timestamp":"2025-02-24T19:42:54.437Z","level":"INFO","message":"User accessed contact list","action":"VIEW_ALL_CONTACTS","actor":{"userId":"676fe292a2016bc86582bdb6","role":"admin"}}
{"timestamp":"2025-02-24T19:42:54.439Z","level":"INFO","message":"Request authenticated","userId":"676fe292a2016bc86582bdb6","role":"admin","path":"/contacts","method":"GET"}
{"timestamp":"2025-02-24T19:42:54.439Z","level":"INFO","message":"Admin access granted","userId":"676fe292a2016bc86582bdb6","path":"/contacts","method":"GET"}
{"timestamp":"2025-02-24T19:42:54.439Z","level":"INFO","message":"User accessed contact list","action":"VIEW_ALL_CONTACTS","actor":{"userId":"676fe292a2016bc86582bdb6","role":"admin"}}
{"timestamp":"2025-02-24T19:42:54.441Z","level":"INFO","message":"Successfully retrieved 2 contacts"}
{"timestamp":"2025-02-24T19:42:54.443Z","level":"INFO","message":"Successfully retrieved 2 contacts"}
