{"timestamp":"2025-02-25T07:16:48.407Z","level":"ERROR","message":"Token authentication failed","errorMessage":{"name":"JsonWebTokenError","message":"jwt malformed"}}
{"timestamp":"2025-02-25T07:16:48.412Z","level":"ERROR","message":"Token authentication failed","errorMessage":{"name":"JsonWebTokenError","message":"jwt malformed"}}
{"timestamp":"2025-02-25T07:16:48.420Z","level":"ERROR","message":"Token authentication failed","errorMessage":{"name":"JsonWebTokenError","message":"jwt malformed"}}
{"timestamp":"2025-02-25T07:16:48.424Z","level":"ERROR","message":"Token authentication failed","errorMessage":{"name":"JsonWebTokenError","message":"jwt malformed"}}
{"timestamp":"2025-02-25T07:16:57.933Z","level":"ERROR","message":"Token authentication failed","errorMessage":{"name":"JsonWebTokenError","message":"jwt malformed"}}
{"timestamp":"2025-02-25T07:16:57.937Z","level":"ERROR","message":"Token authentication failed","errorMessage":{"name":"JsonWebTokenError","message":"jwt malformed"}}
{"timestamp":"2025-02-25T07:16:57.941Z","level":"ERROR","message":"Token authentication failed","errorMessage":{"name":"JsonWebTokenError","message":"jwt malformed"}}
{"timestamp":"2025-02-25T07:16:57.944Z","level":"ERROR","message":"Token authentication failed","errorMessage":{"name":"JsonWebTokenError","message":"jwt malformed"}}
{"timestamp":"2025-02-25T07:16:58.580Z","level":"ERROR","message":"Token authentication failed","errorMessage":{"name":"JsonWebTokenError","message":"jwt malformed"}}
{"timestamp":"2025-02-25T07:16:58.585Z","level":"ERROR","message":"Token authentication failed","errorMessage":{"name":"JsonWebTokenError","message":"jwt malformed"}}
{"timestamp":"2025-02-25T07:17:00.241Z","level":"ERROR","message":"Token authentication failed","errorMessage":{"name":"JsonWebTokenError","message":"jwt malformed"}}
{"timestamp":"2025-02-25T07:17:00.246Z","level":"ERROR","message":"Token authentication failed","errorMessage":{"name":"JsonWebTokenError","message":"jwt malformed"}}
{"timestamp":"2025-02-25T07:17:00.250Z","level":"ERROR","message":"Token authentication failed","errorMessage":{"name":"JsonWebTokenError","message":"jwt malformed"}}
{"timestamp":"2025-02-25T07:17:00.253Z","level":"ERROR","message":"Token authentication failed","errorMessage":{"name":"JsonWebTokenError","message":"jwt malformed"}}
{"timestamp":"2025-02-25T07:18:29.936Z","level":"INFO","message":"Request authenticated","userId":"676fe292a2016bc86582bdb6","role":"admin","path":"/contactStats","method":"GET"}
{"timestamp":"2025-02-25T07:18:29.943Z","level":"INFO","message":"Request authenticated","userId":"676fe292a2016bc86582bdb6","role":"admin","path":"/contactStats","method":"GET"}
{"timestamp":"2025-02-25T07:18:29.937Z","level":"INFO","message":"Fetching contact statistics"}
{"timestamp":"2025-02-25T07:18:29.944Z","level":"INFO","message":"Fetching contact statistics"}
{"timestamp":"2025-02-25T07:18:29.973Z","level":"INFO","message":"Contact statistics retrieved successfully","totalContacts":2,"pendingCount":1,"contactedCount":1,"resolvedCount":0}
{"timestamp":"2025-02-25T07:18:29.975Z","level":"INFO","message":"Contact statistics retrieved successfully","totalContacts":2,"pendingCount":1,"contactedCount":1,"resolvedCount":0}
{"timestamp":"2025-02-25T07:18:29.992Z","level":"INFO","message":"Request authenticated","userId":"676fe292a2016bc86582bdb6","role":"admin","path":"/contacts","method":"GET"}
{"timestamp":"2025-02-25T07:18:29.993Z","level":"INFO","message":"Admin access granted","userId":"676fe292a2016bc86582bdb6","path":"/contacts","method":"GET"}
{"timestamp":"2025-02-25T07:18:29.994Z","level":"INFO","message":"User accessed contact list","action":"VIEW_ALL_CONTACTS","actor":{"userId":"676fe292a2016bc86582bdb6","role":"admin"}}
{"timestamp":"2025-02-25T07:18:30.000Z","level":"INFO","message":"Request authenticated","userId":"676fe292a2016bc86582bdb6","role":"admin","path":"/contacts","method":"GET"}
{"timestamp":"2025-02-25T07:18:30.000Z","level":"INFO","message":"Admin access granted","userId":"676fe292a2016bc86582bdb6","path":"/contacts","method":"GET"}
{"timestamp":"2025-02-25T07:18:30.001Z","level":"INFO","message":"User accessed contact list","action":"VIEW_ALL_CONTACTS","actor":{"userId":"676fe292a2016bc86582bdb6","role":"admin"}}
{"timestamp":"2025-02-25T07:18:30.006Z","level":"INFO","message":"Successfully retrieved 2 contacts"}
{"timestamp":"2025-02-25T07:18:30.009Z","level":"INFO","message":"Successfully retrieved 2 contacts"}
{"timestamp":"2025-02-25T07:18:49.693Z","level":"INFO","message":"Request authenticated","userId":"676fe292a2016bc86582bdb6","role":"admin","path":"/contactStats","method":"GET"}
{"timestamp":"2025-02-25T07:18:49.694Z","level":"INFO","message":"Fetching contact statistics"}
{"timestamp":"2025-02-25T07:18:49.698Z","level":"INFO","message":"Request authenticated","userId":"676fe292a2016bc86582bdb6","role":"admin","path":"/contactStats","method":"GET"}
{"timestamp":"2025-02-25T07:18:49.699Z","level":"INFO","message":"Fetching contact statistics"}
{"timestamp":"2025-02-25T07:18:49.710Z","level":"INFO","message":"Contact statistics retrieved successfully","totalContacts":2,"pendingCount":1,"contactedCount":1,"resolvedCount":0}
{"timestamp":"2025-02-25T07:18:49.712Z","level":"INFO","message":"Contact statistics retrieved successfully","totalContacts":2,"pendingCount":1,"contactedCount":1,"resolvedCount":0}
{"timestamp":"2025-02-25T07:18:49.722Z","level":"INFO","message":"Admin access granted","userId":"676fe292a2016bc86582bdb6","path":"/contacts","method":"GET"}
{"timestamp":"2025-02-25T07:18:49.723Z","level":"INFO","message":"User accessed contact list","action":"VIEW_ALL_CONTACTS","actor":{"userId":"676fe292a2016bc86582bdb6","role":"admin"}}
{"timestamp":"2025-02-25T07:18:49.725Z","level":"INFO","message":"Request authenticated","userId":"676fe292a2016bc86582bdb6","role":"admin","path":"/contacts","method":"GET"}
{"timestamp":"2025-02-25T07:18:49.726Z","level":"INFO","message":"User accessed contact list","action":"VIEW_ALL_CONTACTS","actor":{"userId":"676fe292a2016bc86582bdb6","role":"admin"}}
{"timestamp":"2025-02-25T07:18:49.725Z","level":"INFO","message":"Admin access granted","userId":"676fe292a2016bc86582bdb6","path":"/contacts","method":"GET"}
{"timestamp":"2025-02-25T07:18:49.722Z","level":"INFO","message":"Request authenticated","userId":"676fe292a2016bc86582bdb6","role":"admin","path":"/contacts","method":"GET"}
{"timestamp":"2025-02-25T07:18:49.728Z","level":"INFO","message":"Successfully retrieved 2 contacts"}
{"timestamp":"2025-02-25T07:18:49.730Z","level":"INFO","message":"Successfully retrieved 2 contacts"}
{"timestamp":"2025-02-25T07:19:02.939Z","level":"INFO","message":"Request authenticated","userId":"676fe292a2016bc86582bdb6","role":"admin","path":"/contactStats","method":"GET"}
{"timestamp":"2025-02-25T07:19:02.939Z","level":"INFO","message":"Fetching contact statistics"}
{"timestamp":"2025-02-25T07:19:02.943Z","level":"INFO","message":"Request authenticated","userId":"676fe292a2016bc86582bdb6","role":"admin","path":"/contactStats","method":"GET"}
{"timestamp":"2025-02-25T07:19:02.944Z","level":"INFO","message":"Fetching contact statistics"}
{"timestamp":"2025-02-25T07:19:02.956Z","level":"INFO","message":"Contact statistics retrieved successfully","totalContacts":2,"pendingCount":1,"contactedCount":1,"resolvedCount":0}
{"timestamp":"2025-02-25T07:19:02.958Z","level":"INFO","message":"Contact statistics retrieved successfully","totalContacts":2,"pendingCount":1,"contactedCount":1,"resolvedCount":0}
{"timestamp":"2025-02-25T07:24:02.684Z","level":"INFO","message":"Request authenticated","userId":"676fe292a2016bc86582bdb6","role":"admin","path":"/contactStats","method":"GET"}
{"timestamp":"2025-02-25T07:24:02.685Z","level":"INFO","message":"Fetching contact statistics"}
{"timestamp":"2025-02-25T07:24:02.689Z","level":"INFO","message":"Request authenticated","userId":"676fe292a2016bc86582bdb6","role":"admin","path":"/contactStats","method":"GET"}
{"timestamp":"2025-02-25T07:24:02.690Z","level":"INFO","message":"Fetching contact statistics"}
{"timestamp":"2025-02-25T07:24:02.704Z","level":"INFO","message":"Contact statistics retrieved successfully","totalContacts":2,"pendingCount":1,"contactedCount":1,"resolvedCount":0}
{"timestamp":"2025-02-25T07:24:02.706Z","level":"INFO","message":"Contact statistics retrieved successfully","totalContacts":2,"pendingCount":1,"contactedCount":1,"resolvedCount":0}
{"timestamp":"2025-02-25T07:24:02.731Z","level":"INFO","message":"Request authenticated","userId":"676fe292a2016bc86582bdb6","role":"admin","path":"/contacts","method":"GET"}
{"timestamp":"2025-02-25T07:24:02.732Z","level":"INFO","message":"Admin access granted","userId":"676fe292a2016bc86582bdb6","path":"/contacts","method":"GET"}
{"timestamp":"2025-02-25T07:24:02.733Z","level":"INFO","message":"User accessed contact list","action":"VIEW_ALL_CONTACTS","actor":{"userId":"676fe292a2016bc86582bdb6","role":"admin"}}
{"timestamp":"2025-02-25T07:24:02.737Z","level":"INFO","message":"Request authenticated","userId":"676fe292a2016bc86582bdb6","role":"admin","path":"/contacts","method":"GET"}
{"timestamp":"2025-02-25T07:24:02.738Z","level":"INFO","message":"Admin access granted","userId":"676fe292a2016bc86582bdb6","path":"/contacts","method":"GET"}
{"timestamp":"2025-02-25T07:24:02.738Z","level":"INFO","message":"User accessed contact list","action":"VIEW_ALL_CONTACTS","actor":{"userId":"676fe292a2016bc86582bdb6","role":"admin"}}
{"timestamp":"2025-02-25T07:24:02.741Z","level":"INFO","message":"Successfully retrieved 2 contacts"}
{"timestamp":"2025-02-25T07:24:02.743Z","level":"INFO","message":"Successfully retrieved 2 contacts"}
{"timestamp":"2025-02-25T07:24:23.889Z","level":"INFO","message":"Request authenticated","userId":"676fe292a2016bc86582bdb6","role":"admin","path":"/contactStats","method":"GET"}
{"timestamp":"2025-02-25T07:24:23.893Z","level":"INFO","message":"Fetching contact statistics"}
{"timestamp":"2025-02-25T07:24:23.892Z","level":"INFO","message":"Request authenticated","userId":"676fe292a2016bc86582bdb6","role":"admin","path":"/contactStats","method":"GET"}
{"timestamp":"2025-02-25T07:24:23.890Z","level":"INFO","message":"Fetching contact statistics"}
{"timestamp":"2025-02-25T07:24:23.900Z","level":"INFO","message":"Contact statistics retrieved successfully","totalContacts":2,"pendingCount":1,"contactedCount":1,"resolvedCount":0}
{"timestamp":"2025-02-25T07:24:23.901Z","level":"INFO","message":"Contact statistics retrieved successfully","totalContacts":2,"pendingCount":1,"contactedCount":1,"resolvedCount":0}
{"timestamp":"2025-02-25T07:24:24.328Z","level":"INFO","message":"Request authenticated","userId":"676fe292a2016bc86582bdb6","role":"admin","path":"/contacts","method":"GET"}
{"timestamp":"2025-02-25T07:24:24.329Z","level":"INFO","message":"Admin access granted","userId":"676fe292a2016bc86582bdb6","path":"/contacts","method":"GET"}
{"timestamp":"2025-02-25T07:24:24.330Z","level":"INFO","message":"User accessed contact list","action":"VIEW_ALL_CONTACTS","actor":{"userId":"676fe292a2016bc86582bdb6","role":"admin"}}
{"timestamp":"2025-02-25T07:24:24.334Z","level":"INFO","message":"Request authenticated","userId":"676fe292a2016bc86582bdb6","role":"admin","path":"/contacts","method":"GET"}
{"timestamp":"2025-02-25T07:24:24.334Z","level":"INFO","message":"Admin access granted","userId":"676fe292a2016bc86582bdb6","path":"/contacts","method":"GET"}
{"timestamp":"2025-02-25T07:24:24.336Z","level":"INFO","message":"User accessed contact list","action":"VIEW_ALL_CONTACTS","actor":{"userId":"676fe292a2016bc86582bdb6","role":"admin"}}
{"timestamp":"2025-02-25T07:24:24.339Z","level":"INFO","message":"Successfully retrieved 2 contacts"}
{"timestamp":"2025-02-25T07:24:24.342Z","level":"INFO","message":"Successfully retrieved 2 contacts"}
{"timestamp":"2025-02-25T07:33:57.494Z","level":"INFO","message":"Request authenticated","userId":"676fe292a2016bc86582bdb6","role":"admin","path":"/contactStats","method":"GET"}
{"timestamp":"2025-02-25T07:33:57.499Z","level":"INFO","message":"Fetching contact statistics"}
{"timestamp":"2025-02-25T07:33:57.498Z","level":"INFO","message":"Request authenticated","userId":"676fe292a2016bc86582bdb6","role":"admin","path":"/contactStats","method":"GET"}
{"timestamp":"2025-02-25T07:33:57.495Z","level":"INFO","message":"Fetching contact statistics"}
{"timestamp":"2025-02-25T07:33:57.509Z","level":"INFO","message":"Contact statistics retrieved successfully","totalContacts":2,"pendingCount":1,"contactedCount":1,"resolvedCount":0}
{"timestamp":"2025-02-25T07:33:57.511Z","level":"INFO","message":"Contact statistics retrieved successfully","totalContacts":2,"pendingCount":1,"contactedCount":1,"resolvedCount":0}
{"timestamp":"2025-02-25T07:33:57.524Z","level":"INFO","message":"Request authenticated","userId":"676fe292a2016bc86582bdb6","role":"admin","path":"/contacts","method":"GET"}
{"timestamp":"2025-02-25T07:33:57.525Z","level":"INFO","message":"User accessed contact list","action":"VIEW_ALL_CONTACTS","actor":{"userId":"676fe292a2016bc86582bdb6","role":"admin"}}
{"timestamp":"2025-02-25T07:33:57.524Z","level":"INFO","message":"Admin access granted","userId":"676fe292a2016bc86582bdb6","path":"/contacts","method":"GET"}
{"timestamp":"2025-02-25T07:33:57.530Z","level":"INFO","message":"Request authenticated","userId":"676fe292a2016bc86582bdb6","role":"admin","path":"/contacts","method":"GET"}
{"timestamp":"2025-02-25T07:33:57.531Z","level":"INFO","message":"Admin access granted","userId":"676fe292a2016bc86582bdb6","path":"/contacts","method":"GET"}
{"timestamp":"2025-02-25T07:33:57.531Z","level":"INFO","message":"User accessed contact list","action":"VIEW_ALL_CONTACTS","actor":{"userId":"676fe292a2016bc86582bdb6","role":"admin"}}
{"timestamp":"2025-02-25T07:33:57.534Z","level":"INFO","message":"Successfully retrieved 2 contacts"}
{"timestamp":"2025-02-25T07:33:57.539Z","level":"INFO","message":"Successfully retrieved 2 contacts"}
{"timestamp":"2025-02-25T07:33:59.230Z","level":"INFO","message":"Request authenticated","userId":"676fe292a2016bc86582bdb6","role":"admin","path":"/users","method":"GET"}
{"timestamp":"2025-02-25T07:33:59.235Z","level":"INFO","message":"Request authenticated","userId":"676fe292a2016bc86582bdb6","role":"admin","path":"/users","method":"GET"}
{"timestamp":"2025-02-25T07:33:59.236Z","level":"INFO","message":"Admin access granted","userId":"676fe292a2016bc86582bdb6","path":"/users","method":"GET"}
{"timestamp":"2025-02-25T07:33:59.231Z","level":"INFO","message":"Admin access granted","userId":"676fe292a2016bc86582bdb6","path":"/users","method":"GET"}
